<?xml version="1.0" encoding="UTF-8"?>
<!-- Generated by org.testng.reporters.JUnitReportReporter -->
<testsuite hostname="localhost.localhostdomain" name="com.tl.tl_crm.dao.AccountTypeDaoImplTest" tests="3" failures="0" timestamp="19 Jan 2017 14:27:23 GMT" time="1.903" errors="0">
  <testcase name="findOne" time="1.239" classname="com.tl.tl_crm.dao.AccountTypeDaoImplTest"/>
  <testcase name="save" time="0.132" classname="com.tl.tl_crm.dao.AccountTypeDaoImplTest"/>
  <testcase name="fetchAll" time="0.532" classname="com.tl.tl_crm.dao.AccountTypeDaoImplTest"/>
</testsuite> <!-- com.tl.tl_crm.dao.AccountTypeDaoImplTest -->
