<?xml version="1.0" encoding="UTF-8"?>
<!-- Generated by org.testng.reporters.JUnitReportReporter -->
<testsuite hostname="localhost.localhostdomain" name="com.tl.tl_crm.dao.VisitModeDaoImplTest" tests="3" failures="0" timestamp="19 Jan 2017 14:27:23 GMT" time="0.238" errors="0">
  <testcase name="findOneTest" time="0.081" classname="com.tl.tl_crm.dao.VisitModeDaoImplTest"/>
  <testcase name="addVisitModeTest" time="0.141" classname="com.tl.tl_crm.dao.VisitModeDaoImplTest"/>
  <testcase name="fetchAll" time="0.016" classname="com.tl.tl_crm.dao.VisitModeDaoImplTest"/>
</testsuite> <!-- com.tl.tl_crm.dao.VisitModeDaoImplTest -->
