<?xml version="1.0" encoding="UTF-8"?>
<!-- Generated by org.testng.reporters.JUnitReportReporter -->
<testsuite hostname="localhost.localhostdomain" name="com.tl.tl_crm.controller.AccountTypeControllerTest" tests="1" failures="0" timestamp="19 Jan 2017 14:27:23 GMT" time="0.073" errors="0">
  <testcase name="ListCrmAccounttypes" time="0.073" classname="com.tl.tl_crm.controller.AccountTypeControllerTest"/>
</testsuite> <!-- com.tl.tl_crm.controller.AccountTypeControllerTest -->
