<?xml version="1.0" encoding="UTF-8"?>
<!-- Generated by org.testng.reporters.JUnitReportReporter -->
<testsuite hostname="localhost.localhostdomain" name="com.tl.tl_crm.service.AccounttypeServiceImplTest" tests="1" failures="0" timestamp="19 Jan 2017 14:27:23 GMT" time="0.000" errors="0">
  <testcase name="save" time="0.000" classname="com.tl.tl_crm.service.AccounttypeServiceImplTest"/>
</testsuite> <!-- com.tl.tl_crm.service.AccounttypeServiceImplTest -->
